Arguments: 
  C:\Program Files\nodejs\node.exe C:\Program Files (x86)\Yarn\bin\yarn.js

PATH: 
  C:\Python38\Scripts\;C:\Python38\;C:\WINDOWS\system32;C:\WINDOWS;C:\WINDOWS\System32\Wbem;C:\WINDOWS\System32\WindowsPowerShell\v1.0\;C:\WINDOWS\System32\OpenSSH\;C:\WINDOWS\CTC_Support\Tools;C:\Program Files\McAfee\Solidcore\Tools\GatherInfo;C:\Program Files\McAfee\Solidcore\Tools\Scanalyzer;C:\Program Files\McAfee\Solidcore\;C:\Program Files\McAfee\Solidcore\Tools\ScGetCerts;C:\Program Files\nodejs\;C:\ProgramData\chocolatey\bin;C:\Users\Patrick.Kelly01\OneDrive - Canadian Tire\Documents\flutter;C:\Program Files (x86)\Yarn\bin\;C:\Program Files\Docker\Docker\resources\bin;C:\ProgramData\DockerDesktop\version-bin;C:\Ruby27-x64\bin;C:\Users\Patrick.Kelly01\scoop\shims;C:\Users\Patrick.Kelly01\AppData\Local\Microsoft\WindowsApps;C:\Users\Patrick.Kelly01\AppData\Local\Programs\Microsoft VS Code\bin;C:\Users\Patrick.Kelly01\AppData\Local\JetBrains\WebStorm 2019.2.4\bin;C:\Users\Patrick.Kelly01\AppData\Local\Google\Cloud SDK\google-cloud-sdk\bin;C:\Users\Patrick.Kelly01\AppData\Local\GitHubDesktop\bin;C:\Users\Patrick.Kelly01\AppData\Local\Programs\Git\cmd;C:\Users\Patrick.Kelly01\AppData\Local\Programs\Git\mingw64\bin;C:\Users\Patrick.Kelly01\AppData\Local\Programs\Git\usr\bin;C:\Users\Patrick.Kelly01\AppData\Roaming\npm;C:\Users\Patrick.Kelly01\OneDrive - Canadian Tire\Documents\flutter\bin;C:\Users\Patrick.Kelly01\AppData\Local\Yarn\bin;C:\Program Files (x86)\GitHub CLI\

Yarn version: 
  1.22.5

Node version: 
  12.18.2

Platform: 
  win32 x64

Trace: 
  Error: https://registry.yarnpkg.com/@material-ui/icons/-/icons-4.9.1.tgz: ESOCKETTIMEDOUT
      at ClientRequest.<anonymous> (C:\Program Files (x86)\Yarn\lib\cli.js:141376:19)
      at Object.onceWrapper (events.js:421:28)
      at ClientRequest.emit (events.js:315:20)
      at TLSSocket.emitRequestTimeout (_http_client.js:709:9)
      at Object.onceWrapper (events.js:421:28)
      at TLSSocket.emit (events.js:327:22)
      at TLSSocket.Socket._onTimeout (net.js:481:8)
      at listOnTimeout (internal/timers.js:549:17)
      at processTimers (internal/timers.js:492:7)

npm manifest: 
  {
    "name": "nitro",
    "version": "2.0.0",
    "private": true,
    "dependencies": {
      "@material-ui/core": "4.11.0",
      "@material-ui/icons": "4.9.1",
      "@zeit/next-typescript": "1.1.1",
      "clsx": "1.1.1",
      "dotenv": "8.2.0",
      "dotenv-load": "2.0.0",
      "gsap": "2.1.3",
      "next": "9.5.5",
      "next-compose-plugins": "2.2.0",
      "next-env": "1.1.1",
      "next-offline": "5.0.2",
      "react": "16.14.0",
      "react-dom": "16.14.0",
      "use-auth0": "0.5.1"
    },
    "devDependencies": {
      "@types/dotenv": "8.2.0",
      "@types/eslint": "6.8.1",
      "@types/gsap": "1.20.2",
      "@types/react-jss": "10.0.0",
      "@types/styled-jsx": "2.2.8",
      "@types/typescript": "2.0.0",
      "@typescript-eslint/eslint-plugin": "2.34.0",
      "@typescript-eslint/parser": "2.34.0",
      "babel-eslint": "10.1.0",
      "babel-plugin-module-resolver": "4.0.0",
      "eslint": "6.8.0",
      "eslint-config-airbnb": "18.2.0",
      "eslint-config-prettier": "6.13.0",
      "eslint-plugin-import": "2.22.1",
      "eslint-plugin-jsx-a11y": "6.3.1",
      "eslint-plugin-prettier": "3.1.4",
      "eslint-plugin-react": "7.21.4",
      "eslint-plugin-react-hooks": "2.5.1",
      "prettier": "1.19.1",
      "prettier-eslint": "9.0.2",
      "typescript": "3.9.7",
      "vercel": "20.1.2",
      "webpack": "4.44.2"
    },
    "scripts": {
      "dev": "vercel dev --listen 8080",
      "build": "next build",
      "start": "next start"
    }
  }

yarn manifest: 
  No manifest

Lockfile: 
  No lockfile
